   ResourceCompiler  64-bit
   Platform support: PC
   Version 1.1.8.6  Dec 10 2015 01:51:41
   
   Copyright (c) 2001-2015 Crytek GmbH. All rights reserved.
   
   Exe directory:
     "D:\SteamLibrary\steamapps\common\CRYENGINE\Tools\rc\"
   Temp directory:
     "C:\Users\chris\AppData\Local\Temp\"
   Current directory:
     "D:\SteamLibrary\steamapps\common\CRYENGINE\Tools\rc\"
   
   
   Command line:
     "D:\SteamLibrary\steamapps\common\CRYENGINE/Tools/rc/rc.exe"
     "/userdialog=0"
   
   Platforms specified in rc.ini:
   
   Started at: Thu Nov 15 11:14:11 2018
    0:00 Memory: working set 4.9Mb (peak 4.9Mb), pagefile 1.3Mb (peak 1.3Mb)
    0:00 
    0:00 Loading "D:\SteamLibrary\steamapps\common\CRYENGINE\Tools\rc\rc.ini"
    0:00   Loaded "D:\SteamLibrary\steamapps\common\CRYENGINE\Tools\rc\rc.ini"
    0:00 
    0:00 Platform (/p) not specified, defaulting to 'pc'.
    0:00 
    0:00 Initializing pak management
    0:00 
    0:00 Loading compiler plug-ins (ResourceCompiler*.dll)
    0:00 Searching for D:\SteamLibrary\steamapps\common\CRYENGINE\Tools\rc\ResourceCompiler*.dll
    0:00 Loading "D:\SteamLibrary\steamapps\common\CRYENGINE\Tools\rc\ResourceCompilerABC.dll"
    0:00   Loaded "ResourceCompilerABC.dll"
    0:00     Registered AlembicCompiler ("abc")
    0:00 Loading "D:\SteamLibrary\steamapps\common\CRYENGINE\Tools\rc\ResourceCompilerFBX.dll"
    0:00   Loaded "ResourceCompilerFBX.dll"
    0:00     Registered FbxConverter ("fbx")
    0:00 Loading "D:\SteamLibrary\steamapps\common\CRYENGINE\Tools\rc\ResourceCompilerImage.dll"
    0:00   Loaded "ResourceCompilerImage.dll"
    0:00     Registered ImageConvertor ("tif", "hdr")
    0:00     Registered TextureSplitter ("dds")
    0:00 Loading "D:\SteamLibrary\steamapps\common\CRYENGINE\Tools\rc\ResourceCompilerPC.dll"
    0:00   Loaded "ResourceCompilerPC.dll"
    0:00     Registered StatCGFCompiler ("cga", "cgf", "i_cgf")
    0:00     Registered ChunkCompiler ("chunk")
    0:00     Registered LuaCompiler ("lua")
    0:00     Registered CharacterCompiler ("chr", "cdf", "skin")
    0:00     Registered AnimationConvertor ("caf", "i_caf", "cba")
    0:00     Registered ColladaCompiler ("dae", "dae.zip")
    0:00 Loading "D:\SteamLibrary\steamapps\common\CRYENGINE\Tools\rc\ResourceCompilerXML.dll"
    0:00   Loaded "ResourceCompilerXML.dll"
    0:00     Registered XMLConverter ("xml")
    0:00 
    0:00 Loading zip & pak compiler module
    0:00     Registered zip & pak compiler ("pak", "zip")
    0:00 
    0:00 Memory: working set 7.1Mb (peak 7.1Mb), pagefile 3.5Mb (peak 3.5Mb)
   
   Usage: RC filespec /p=<platform> [/Key1=Value1] [/Key2=Value2] etc...
          RC /help             // will list all usable keys with description
          RC /help >file.txt   // output help text to file.txt
   
   Memory: working set 7.2Mb (peak 7.2Mb), pagefile 3.5Mb (peak 3.5Mb)
   
   Finished at: Thu Nov 15 11:14:11 2018
